# JRE version: OpenJDK Runtime Environment (11.0.1+13) (build 11.0.1+13)
# Java VM: OpenJDK 64-Bit Server VM (11.0.1+13, mixed mode, tiered, compressed oops, g1 gc, bsd-amd64)
Heap:
 garbage-first heap   total 335872K, used 59464K [0x00000007c0000000, 0x0000000800000000)
  region size 1024K, 4 young (4096K), 2 survivors (2048K)
 Metaspace       used 63358K, capacity 66332K, committed 66768K, reserved 1110016K
  class space    used 6226K, capacity 7210K, committed 7296K, reserved 1048576K
GC Heap History (10 events):
Event: 826.134 GC heap before
{Heap before GC invocations=40 (full 0):
 garbage-first heap   total 335872K, used 70794K [0x00000007c0000000, 0x0000000800000000)
  region size 1024K, 16 young (16384K), 3 survivors (3072K)
 Metaspace       used 61114K, capacity 64168K, committed 64464K, reserved 1107968K
  class space    used 6077K, capacity 7003K, committed 7040K, reserved 1048576K
}
Event: 826.142 GC heap after
{Heap after GC invocations=41 (full 0):
 garbage-first heap   total 335872K, used 56709K [0x00000007c0000000, 0x0000000800000000)
  region size 1024K, 1 young (1024K), 1 survivors (1024K)
 Metaspace       used 61114K, capacity 64168K, committed 64464K, reserved 1107968K
  class space    used 6077K, capacity 7003K, committed 7040K, reserved 1048576K
}
Event: 843.032 GC heap before
{Heap before GC invocations=41 (full 0):
 garbage-first heap   total 335872K, used 127365K [0x00000007c0000000, 0x0000000800000000)
  region size 1024K, 72 young (73728K), 1 survivors (1024K)
 Metaspace       used 61313K, capacity 64298K, committed 64720K, reserved 1107968K
  class space    used 6079K, capacity 7003K, committed 7040K, reserved 1048576K
}
Event: 843.039 GC heap after
{Heap after GC invocations=42 (full 0):
 garbage-first heap   total 335872K, used 58435K [0x00000007c0000000, 0x0000000800000000)
  region size 1024K, 3 young (3072K), 3 survivors (3072K)
 Metaspace       used 61313K, capacity 64298K, committed 64720K, reserved 1107968K
  class space    used 6079K, capacity 7003K, committed 7040K, reserved 1048576K
}
Event: 888.042 GC heap before
{Heap before GC invocations=43 (full 0):
 garbage-first heap   total 335872K, used 283715K [0x00000007c0000000, 0x0000000800000000)
  region size 1024K, 196 young (200704K), 3 survivors (3072K)
 Metaspace       used 63254K, capacity 66203K, committed 66512K, reserved 1107968K
  class space    used 6225K, capacity 7210K, committed 7296K, reserved 1048576K
}
Event: 888.050 GC heap after
{Heap after GC invocations=44 (full 0):
 garbage-first heap   total 335872K, used 58369K [0x00000007c0000000, 0x0000000800000000)
  region size 1024K, 3 young (3072K), 3 survivors (3072K)
 Metaspace       used 63254K, capacity 66203K, committed 66512K, reserved 1107968K
  class space    used 6225K, capacity 7210K, committed 7296K, reserved 1048576K
}
Event: 889.795 GC heap before
{Heap before GC invocations=44 (full 0):
 garbage-first heap   total 335872K, used 71681K [0x00000007c0000000, 0x0000000800000000)
  region size 1024K, 16 young (16384K), 3 survivors (3072K)
 Metaspace       used 63300K, capacity 66267K, committed 66768K, reserved 1110016K
  class space    used 6225K, capacity 7210K, committed 7296K, reserved 1048576K
}
Event: 889.803 GC heap after
{Heap after GC invocations=45 (full 0):
 garbage-first heap   total 335872K, used 57385K [0x00000007c0000000, 0x0000000800000000)
  region size 1024K, 1 young (1024K), 1 survivors (1024K)
 Metaspace       used 63300K, capacity 66267K, committed 66768K, reserved 1110016K
  class space    used 6225K, capacity 7210K, committed 7296K, reserved 1048576K
}
Event: 904.348 GC heap before
{Heap before GC invocations=45 (full 0):
 garbage-first heap   total 335872K, used 93225K [0x00000007c0000000, 0x0000000800000000)
  region size 1024K, 37 young (37888K), 1 survivors (1024K)
 Metaspace       used 63357K, capacity 66332K, committed 66768K, reserved 1110016K
  class space    used 6226K, capacity 7210K, committed 7296K, reserved 1048576K
}
Event: 904.357 GC heap after
{Heap after GC invocations=46 (full 0):
 garbage-first heap   total 335872K, used 58440K [0x00000007c0000000, 0x0000000800000000)
  region size 1024K, 2 young (2048K), 2 survivors (2048K)
 Metaspace       used 63357K, capacity 66332K, committed 66768K, reserved 1110016K
  class space    used 6226K, capacity 7210K, committed 7296K, reserved 1048576K
}

